[2026-02-13 22:21:49] [INFO] [MAIN] Inicio del workflow - archivo: C:\Users\pjcdz\Documents\GitHub\challenge\data\solicitudes.csv - carpeta ejecucion: C:\Users\pjcdz\Documents\GitHub\challenge\data\ejecuciones\ejecucion_20260213_222149_solicitudes
[2026-02-13 22:21:49] [INFO] [MAIN] --- PASO 1: INGESTA ---
[2026-02-13 22:21:49] [INFO] [INGESTA] Ingesta completada - 15 registros leidos de C:\Users\pjcdz\Documents\GitHub\challenge\data\solicitudes.csv
[2026-02-13 22:21:49] [INFO] [MAIN] --- PASO 2: NORMALIZACION ---
[2026-02-13 22:21:49] [WARN] [NORMALIZADOR] Fecha convertida en registro SOL-002: '2025-03-16' -> '16/03/2025'
[2026-02-13 22:21:49] [WARN] [NORMALIZADOR] Fecha convertida en registro SOL-003: '17-03-2025' -> '17/03/2025'
[2026-02-13 22:21:49] [WARN] [NORMALIZADOR] Fecha convertida en registro SOL-005: '2025-03-21' -> '21/03/2025'
[2026-02-13 22:21:49] [WARN] [NORMALIZADOR] Fecha convertida en registro SOL-007: '2025-03-23' -> '23/03/2025'
[2026-02-13 22:21:49] [WARN] [NORMALIZADOR] Fecha convertida en registro SOL-009: '25-03-2025' -> '25/03/2025'
[2026-02-13 22:21:49] [WARN] [NORMALIZADOR] Fecha convertida en registro SOL-010: '2025-03-26' -> '26/03/2025'
[2026-02-13 22:21:49] [WARN] [NORMALIZADOR] Fecha con valores invalidos en registro SOL-012: '32/13/2025'
[2026-02-13 22:21:49] [WARN] [NORMALIZADOR] Fecha convertida en registro SOL-014: '2025-03-30' -> '30/03/2025'
[2026-02-13 22:21:49] [INFO] [NORMALIZADOR] Normalizacion completada - 15 registros normalizados
[2026-02-13 22:21:49] [INFO] [MAIN] --- PASO 3: VALIDACION ---
[2026-02-13 22:21:49] [WARN] [VALIDADOR] Registro SOL-005 invalido: R3: monto fuera de rango: -500 (debe ser > 0)
[2026-02-13 22:21:49] [WARN] [VALIDADOR] Registro SOL-007 invalido: R1: campo id_cliente vacio
[2026-02-13 22:21:49] [WARN] [VALIDADOR] Registro SOL-010 invalido: R2: moneda no soportada: GBP
[2026-02-13 22:21:49] [WARN] [VALIDADOR] Registro SOL-011 invalido: R3: monto fuera de rango: 0 (debe ser > 0)
[2026-02-13 22:21:49] [WARN] [VALIDADOR] Registro SOL-012 invalido: R2: formato de fecha invalido: '32/13/2025'
[2026-02-13 22:21:49] [WARN] [VALIDADOR] Registro SOL-015 invalido: R1: campo tipo_producto vacio
[2026-02-13 22:21:49] [INFO] [VALIDADOR] Validacion completada - 9 validos, 6 invalidos
[2026-02-13 22:21:49] [INFO] [MAIN] --- PASO 4: CONTROL DE CALIDAD ---
[2026-02-13 22:21:49] [INFO] [CALIDAD] Reporte de calidad generado: C:\Users\pjcdz\Documents\GitHub\challenge\data\ejecuciones\ejecucion_20260213_222149_solicitudes\reporte_calidad.json
[2026-02-13 22:21:49] [INFO] [CALIDAD] Cumplimiento global: 60.0% (9/15 validos)
[2026-02-13 22:21:49] [INFO] [MAIN] --- PASO 5: EXPORTAR SALIDA ---
[2026-02-13 22:21:49] [INFO] [MAIN] Datos exportados a: C:\Users\pjcdz\Documents\GitHub\challenge\data\ejecuciones\ejecucion_20260213_222149_solicitudes\solicitudes_limpias.csv
[2026-02-13 22:21:49] [INFO] [MAIN] Workflow completado en 2.35s - 15 procesados, 9 validos, 6 invalidos
[2026-02-13 22:21:49] [INFO] [MAIN] Artefactos generados en: C:\Users\pjcdz\Documents\GitHub\challenge\data\ejecuciones\ejecucion_20260213_222149_solicitudes (CSV, reporte y log de esta ejecucion)
